2022-04-29 14:37:00.937  INFO 23176 --- [main] com.consumer.ConsumerApplication         : No active profile set, falling back to default profiles: default
2022-04-29 14:37:00.945  INFO 23176 --- [main] ationConfigEmbeddedWebApplicationContext : Refreshing org.springframework.boot.context.embedded.AnnotationConfigEmbeddedWebApplicationContext@1800a575: startup date [Fri Apr 29 14:37:00 CST 2022]; parent: org.springframework.context.annotation.AnnotationConfigApplicationContext@418e7838
2022-04-29 14:37:01.400  INFO 23176 --- [main] o.s.cloud.context.scope.GenericScope     : BeanFactory id=d705083d-55f8-3b75-beaa-626531b37f01
2022-04-29 14:37:01.408  INFO 23176 --- [main] f.a.AutowiredAnnotationBeanPostProcessor : JSR-330 'javax.inject.Inject' annotation found and supported for autowiring
2022-04-29 14:37:01.429  WARN 23176 --- [main] ationConfigEmbeddedWebApplicationContext : Exception encountered during context initialization - cancelling refresh attempt: org.springframework.beans.factory.UnsatisfiedDependencyException: Error creating bean with name 'methodValidationPostProcessor' defined in class path resource [org/springframework/boot/autoconfigure/validation/ValidationAutoConfiguration.class]: Unsatisfied dependency expressed through method 'methodValidationPostProcessor' parameter 0; nested exception is org.springframework.beans.factory.BeanCreationException: Error creating bean with name 'com.consumer.client.DcClient': Failed to introspect bean class [org.springframework.cloud.netflix.feign.FeignClientFactoryBean] for lookup method metadata: could not find class that it depends on; nested exception is java.lang.NoClassDefFoundError: feign/Feign$Builder
2022-04-29 14:37:01.431 ERROR 23176 --- [main] o.s.b.f.s.DefaultListableBeanFactory     : Destroy method on bean with name 'org.springframework.boot.context.properties.ConfigurationPropertiesBindingPostProcessor' threw an exception

java.lang.IllegalStateException: ApplicationEventMulticaster not initialized - call 'refresh' before multicasting events via the context: org.springframework.boot.context.embedded.AnnotationConfigEmbeddedWebApplicationContext@1800a575: startup date [Fri Apr 29 14:37:00 CST 2022]; parent: org.springframework.context.annotation.AnnotationConfigApplicationContext@418e7838
	at org.springframework.context.support.AbstractApplicationContext.getApplicationEventMulticaster(AbstractApplicationContext.java:414) [spring-context-4.3.9.RELEASE.jar:4.3.9.RELEASE]
	at org.springframework.context.support.ApplicationListenerDetector.postProcessBeforeDestruction(ApplicationListenerDetector.java:97) ~[spring-context-4.3.9.RELEASE.jar:4.3.9.RELEASE]
	at org.springframework.beans.factory.support.DisposableBeanAdapter.destroy(DisposableBeanAdapter.java:253) ~[spring-beans-4.3.9.RELEASE.jar:4.3.9.RELEASE]
	at org.springframework.beans.factory.support.DefaultSingletonBeanRegistry.destroyBean(DefaultSingletonBeanRegistry.java:578) [spring-beans-4.3.9.RELEASE.jar:4.3.9.RELEASE]
	at org.springframework.beans.factory.support.DefaultSingletonBeanRegistry.destroySingleton(DefaultSingletonBeanRegistry.java:554) [spring-beans-4.3.9.RELEASE.jar:4.3.9.RELEASE]
	at org.springframework.beans.factory.support.DefaultListableBeanFactory.destroySingleton(DefaultListableBeanFactory.java:961) [spring-beans-4.3.9.RELEASE.jar:4.3.9.RELEASE]
	at org.springframework.beans.factory.support.DefaultSingletonBeanRegistry.destroySingletons(DefaultSingletonBeanRegistry.java:523) [spring-beans-4.3.9.RELEASE.jar:4.3.9.RELEASE]
	at org.springframework.beans.factory.support.DefaultListableBeanFactory.destroySingletons(DefaultListableBeanFactory.java:968) [spring-beans-4.3.9.RELEASE.jar:4.3.9.RELEASE]
	at org.springframework.context.support.AbstractApplicationContext.destroyBeans(AbstractApplicationContext.java:1030) [spring-context-4.3.9.RELEASE.jar:4.3.9.RELEASE]
	at org.springframework.context.support.AbstractApplicationContext.refresh(AbstractApplicationContext.java:556) [spring-context-4.3.9.RELEASE.jar:4.3.9.RELEASE]
	at org.springframework.boot.context.embedded.EmbeddedWebApplicationContext.refresh(EmbeddedWebApplicationContext.java:122) [spring-boot-1.5.4.RELEASE.jar:1.5.4.RELEASE]
	at org.springframework.boot.SpringApplication.refresh(SpringApplication.java:693) [spring-boot-1.5.4.RELEASE.jar:1.5.4.RELEASE]
	at org.springframework.boot.SpringApplication.refreshContext(SpringApplication.java:360) [spring-boot-1.5.4.RELEASE.jar:1.5.4.RELEASE]
	at org.springframework.boot.SpringApplication.run(SpringApplication.java:303) [spring-boot-1.5.4.RELEASE.jar:1.5.4.RELEASE]
	at org.springframework.boot.builder.SpringApplicationBuilder.run(SpringApplicationBuilder.java:134) [spring-boot-1.5.4.RELEASE.jar:1.5.4.RELEASE]
	at com.consumer.ConsumerApplication.main(ConsumerApplication.java:22) [classes/:na]

2022-04-29 14:37:01.431 ERROR 23176 --- [main] o.s.b.f.s.DefaultListableBeanFactory     : Destroy method on bean with name 'org.springframework.boot.autoconfigure.internalCachingMetadataReaderFactory' threw an exception

java.lang.IllegalStateException: ApplicationEventMulticaster not initialized - call 'refresh' before multicasting events via the context: org.springframework.boot.context.embedded.AnnotationConfigEmbeddedWebApplicationContext@1800a575: startup date [Fri Apr 29 14:37:00 CST 2022]; parent: org.springframework.context.annotation.AnnotationConfigApplicationContext@418e7838
	at org.springframework.context.support.AbstractApplicationContext.getApplicationEventMulticaster(AbstractApplicationContext.java:414) [spring-context-4.3.9.RELEASE.jar:4.3.9.RELEASE]
	at org.springframework.context.support.ApplicationListenerDetector.postProcessBeforeDestruction(ApplicationListenerDetector.java:97) ~[spring-context-4.3.9.RELEASE.jar:4.3.9.RELEASE]
	at org.springframework.beans.factory.support.DisposableBeanAdapter.destroy(DisposableBeanAdapter.java:253) ~[spring-beans-4.3.9.RELEASE.jar:4.3.9.RELEASE]
	at org.springframework.beans.factory.support.DefaultSingletonBeanRegistry.destroyBean(DefaultSingletonBeanRegistry.java:578) [spring-beans-4.3.9.RELEASE.jar:4.3.9.RELEASE]
	at org.springframework.beans.factory.support.DefaultSingletonBeanRegistry.destroySingleton(DefaultSingletonBeanRegistry.java:554) [spring-beans-4.3.9.RELEASE.jar:4.3.9.RELEASE]
	at org.springframework.beans.factory.support.DefaultListableBeanFactory.destroySingleton(DefaultListableBeanFactory.java:961) [spring-beans-4.3.9.RELEASE.jar:4.3.9.RELEASE]
	at org.springframework.beans.factory.support.DefaultSingletonBeanRegistry.destroySingletons(DefaultSingletonBeanRegistry.java:523) [spring-beans-4.3.9.RELEASE.jar:4.3.9.RELEASE]
	at org.springframework.beans.factory.support.DefaultListableBeanFactory.destroySingletons(DefaultListableBeanFactory.java:968) [spring-beans-4.3.9.RELEASE.jar:4.3.9.RELEASE]
	at org.springframework.context.support.AbstractApplicationContext.destroyBeans(AbstractApplicationContext.java:1030) [spring-context-4.3.9.RELEASE.jar:4.3.9.RELEASE]
	at org.springframework.context.support.AbstractApplicationContext.refresh(AbstractApplicationContext.java:556) [spring-context-4.3.9.RELEASE.jar:4.3.9.RELEASE]
	at org.springframework.boot.context.embedded.EmbeddedWebApplicationContext.refresh(EmbeddedWebApplicationContext.java:122) [spring-boot-1.5.4.RELEASE.jar:1.5.4.RELEASE]
	at org.springframework.boot.SpringApplication.refresh(SpringApplication.java:693) [spring-boot-1.5.4.RELEASE.jar:1.5.4.RELEASE]
	at org.springframework.boot.SpringApplication.refreshContext(SpringApplication.java:360) [spring-boot-1.5.4.RELEASE.jar:1.5.4.RELEASE]
	at org.springframework.boot.SpringApplication.run(SpringApplication.java:303) [spring-boot-1.5.4.RELEASE.jar:1.5.4.RELEASE]
	at org.springframework.boot.builder.SpringApplicationBuilder.run(SpringApplicationBuilder.java:134) [spring-boot-1.5.4.RELEASE.jar:1.5.4.RELEASE]
	at com.consumer.ConsumerApplication.main(ConsumerApplication.java:22) [classes/:na]

2022-04-29 14:37:01.437  INFO 23176 --- [main] utoConfigurationReportLoggingInitializer : 

Error starting ApplicationContext. To display the auto-configuration report re-run your application with 'debug' enabled.
2022-04-29 14:37:01.442 ERROR 23176 --- [main] o.s.boot.SpringApplication               : Application startup failed

org.springframework.beans.factory.UnsatisfiedDependencyException: Error creating bean with name 'methodValidationPostProcessor' defined in class path resource [org/springframework/boot/autoconfigure/validation/ValidationAutoConfiguration.class]: Unsatisfied dependency expressed through method 'methodValidationPostProcessor' parameter 0; nested exception is org.springframework.beans.factory.BeanCreationException: Error creating bean with name 'com.consumer.client.DcClient': Failed to introspect bean class [org.springframework.cloud.netflix.feign.FeignClientFactoryBean] for lookup method metadata: could not find class that it depends on; nested exception is java.lang.NoClassDefFoundError: feign/Feign$Builder
	at org.springframework.beans.factory.support.ConstructorResolver.createArgumentArray(ConstructorResolver.java:749) ~[spring-beans-4.3.9.RELEASE.jar:4.3.9.RELEASE]
	at org.springframework.beans.factory.support.ConstructorResolver.instantiateUsingFactoryMethod(ConstructorResolver.java:467) ~[spring-beans-4.3.9.RELEASE.jar:4.3.9.RELEASE]
	at org.springframework.beans.factory.support.AbstractAutowireCapableBeanFactory.instantiateUsingFactoryMethod(AbstractAutowireCapableBeanFactory.java:1173) ~[spring-beans-4.3.9.RELEASE.jar:4.3.9.RELEASE]
	at org.springframework.beans.factory.support.AbstractAutowireCapableBeanFactory.createBeanInstance(AbstractAutowireCapableBeanFactory.java:1067) ~[spring-beans-4.3.9.RELEASE.jar:4.3.9.RELEASE]
	at org.springframework.beans.factory.support.AbstractAutowireCapableBeanFactory.doCreateBean(AbstractAutowireCapableBeanFactory.java:513) ~[spring-beans-4.3.9.RELEASE.jar:4.3.9.RELEASE]
	at org.springframework.beans.factory.support.AbstractAutowireCapableBeanFactory.createBean(AbstractAutowireCapableBeanFactory.java:483) ~[spring-beans-4.3.9.RELEASE.jar:4.3.9.RELEASE]
	at org.springframework.beans.factory.support.AbstractBeanFactory$1.getObject(AbstractBeanFactory.java:306) ~[spring-beans-4.3.9.RELEASE.jar:4.3.9.RELEASE]
	at org.springframework.beans.factory.support.DefaultSingletonBeanRegistry.getSingleton(DefaultSingletonBeanRegistry.java:230) ~[spring-beans-4.3.9.RELEASE.jar:4.3.9.RELEASE]
	at org.springframework.beans.factory.support.AbstractBeanFactory.doGetBean(AbstractBeanFactory.java:302) ~[spring-beans-4.3.9.RELEASE.jar:4.3.9.RELEASE]
	at org.springframework.beans.factory.support.AbstractBeanFactory.getBean(AbstractBeanFactory.java:202) ~[spring-beans-4.3.9.RELEASE.jar:4.3.9.RELEASE]
	at org.springframework.context.support.PostProcessorRegistrationDelegate.registerBeanPostProcessors(PostProcessorRegistrationDelegate.java:223) ~[spring-context-4.3.9.RELEASE.jar:4.3.9.RELEASE]
	at org.springframework.context.support.AbstractApplicationContext.registerBeanPostProcessors(AbstractApplicationContext.java:703) ~[spring-context-4.3.9.RELEASE.jar:4.3.9.RELEASE]
	at org.springframework.context.support.AbstractApplicationContext.refresh(AbstractApplicationContext.java:528) ~[spring-context-4.3.9.RELEASE.jar:4.3.9.RELEASE]
	at org.springframework.boot.context.embedded.EmbeddedWebApplicationContext.refresh(EmbeddedWebApplicationContext.java:122) ~[spring-boot-1.5.4.RELEASE.jar:1.5.4.RELEASE]
	at org.springframework.boot.SpringApplication.refresh(SpringApplication.java:693) ~[spring-boot-1.5.4.RELEASE.jar:1.5.4.RELEASE]
	at org.springframework.boot.SpringApplication.refreshContext(SpringApplication.java:360) ~[spring-boot-1.5.4.RELEASE.jar:1.5.4.RELEASE]
	at org.springframework.boot.SpringApplication.run(SpringApplication.java:303) ~[spring-boot-1.5.4.RELEASE.jar:1.5.4.RELEASE]
	at org.springframework.boot.builder.SpringApplicationBuilder.run(SpringApplicationBuilder.java:134) [spring-boot-1.5.4.RELEASE.jar:1.5.4.RELEASE]
	at com.consumer.ConsumerApplication.main(ConsumerApplication.java:22) [classes/:na]
Caused by: org.springframework.beans.factory.BeanCreationException: Error creating bean with name 'com.consumer.client.DcClient': Failed to introspect bean class [org.springframework.cloud.netflix.feign.FeignClientFactoryBean] for lookup method metadata: could not find class that it depends on; nested exception is java.lang.NoClassDefFoundError: feign/Feign$Builder
	at org.springframework.beans.factory.annotation.AutowiredAnnotationBeanPostProcessor.determineCandidateConstructors(AutowiredAnnotationBeanPostProcessor.java:269) ~[spring-beans-4.3.9.RELEASE.jar:4.3.9.RELEASE]
	at org.springframework.beans.factory.support.AbstractAutowireCapableBeanFactory.determineConstructorsFromBeanPostProcessors(AbstractAutowireCapableBeanFactory.java:1118) ~[spring-beans-4.3.9.RELEASE.jar:4.3.9.RELEASE]
	at org.springframework.beans.factory.support.AbstractAutowireCapableBeanFactory.createBeanInstance(AbstractAutowireCapableBeanFactory.java:1091) ~[spring-beans-4.3.9.RELEASE.jar:4.3.9.RELEASE]
	at org.springframework.beans.factory.support.AbstractAutowireCapableBeanFactory.getSingletonFactoryBeanForTypeCheck(AbstractAutowireCapableBeanFactory.java:923) ~[spring-beans-4.3.9.RELEASE.jar:4.3.9.RELEASE]
	at org.springframework.beans.factory.support.AbstractAutowireCapableBeanFactory.getTypeForFactoryBean(AbstractAutowireCapableBeanFactory.java:804) ~[spring-beans-4.3.9.RELEASE.jar:4.3.9.RELEASE]
	at org.springframework.beans.factory.support.AbstractBeanFactory.isTypeMatch(AbstractBeanFactory.java:558) ~[spring-beans-4.3.9.RELEASE.jar:4.3.9.RELEASE]
	at org.springframework.beans.factory.support.DefaultListableBeanFactory.doGetBeanNamesForType(DefaultListableBeanFactory.java:432) ~[spring-beans-4.3.9.RELEASE.jar:4.3.9.RELEASE]
	at org.springframework.beans.factory.support.DefaultListableBeanFactory.getBeanNamesForType(DefaultListableBeanFactory.java:395) ~[spring-beans-4.3.9.RELEASE.jar:4.3.9.RELEASE]
	at org.springframework.beans.factory.BeanFactoryUtils.beanNamesForTypeIncludingAncestors(BeanFactoryUtils.java:220) ~[spring-beans-4.3.9.RELEASE.jar:4.3.9.RELEASE]
	at org.springframework.beans.factory.support.DefaultListableBeanFactory.findAutowireCandidates(DefaultListableBeanFactory.java:1267) ~[spring-beans-4.3.9.RELEASE.jar:4.3.9.RELEASE]
	at org.springframework.beans.factory.support.DefaultListableBeanFactory.doResolveDependency(DefaultListableBeanFactory.java:1101) ~[spring-beans-4.3.9.RELEASE.jar:4.3.9.RELEASE]
	at org.springframework.beans.factory.support.DefaultListableBeanFactory.resolveDependency(DefaultListableBeanFactory.java:1066) ~[spring-beans-4.3.9.RELEASE.jar:4.3.9.RELEASE]
	at org.springframework.beans.factory.support.ConstructorResolver.resolveAutowiredArgument(ConstructorResolver.java:835) ~[spring-beans-4.3.9.RELEASE.jar:4.3.9.RELEASE]
	at org.springframework.beans.factory.support.ConstructorResolver.createArgumentArray(ConstructorResolver.java:741) ~[spring-beans-4.3.9.RELEASE.jar:4.3.9.RELEASE]
	... 18 common frames omitted
Caused by: java.lang.NoClassDefFoundError: feign/Feign$Builder
	at java.lang.Class.getDeclaredMethods0(Native Method) ~[na:1.8.0_212]
	at java.lang.Class.privateGetDeclaredMethods(Class.java:2701) ~[na:1.8.0_212]
	at java.lang.Class.getDeclaredMethods(Class.java:1975) ~[na:1.8.0_212]
	at org.springframework.util.ReflectionUtils.getDeclaredMethods(ReflectionUtils.java:613) ~[spring-core-4.3.9.RELEASE.jar:4.3.9.RELEASE]
	at org.springframework.util.ReflectionUtils.doWithMethods(ReflectionUtils.java:524) ~[spring-core-4.3.9.RELEASE.jar:4.3.9.RELEASE]
	at org.springframework.util.ReflectionUtils.doWithMethods(ReflectionUtils.java:510) ~[spring-core-4.3.9.RELEASE.jar:4.3.9.RELEASE]
	at org.springframework.beans.factory.annotation.AutowiredAnnotationBeanPostProcessor.determineCandidateConstructors(AutowiredAnnotationBeanPostProcessor.java:247) ~[spring-beans-4.3.9.RELEASE.jar:4.3.9.RELEASE]
	... 31 common frames omitted
Caused by: java.lang.ClassNotFoundException: feign.Feign$Builder
	at java.net.URLClassLoader.findClass(URLClassLoader.java:382) ~[na:1.8.0_212]
	at java.lang.ClassLoader.loadClass(ClassLoader.java:424) ~[na:1.8.0_212]
	at sun.misc.Launcher$AppClassLoader.loadClass(Launcher.java:349) ~[na:1.8.0_212]
	at java.lang.ClassLoader.loadClass(ClassLoader.java:357) ~[na:1.8.0_212]
	... 38 common frames omitted

2022-04-29 14:39:29.944  INFO 14560 --- [main] com.consumer.ConsumerApplication         : No active profile set, falling back to default profiles: default
2022-04-29 14:39:29.952  INFO 14560 --- [main] ationConfigEmbeddedWebApplicationContext : Refreshing org.springframework.boot.context.embedded.AnnotationConfigEmbeddedWebApplicationContext@5f9be66c: startup date [Fri Apr 29 14:39:29 CST 2022]; parent: org.springframework.context.annotation.AnnotationConfigApplicationContext@72a7c7e0
2022-04-29 14:39:30.410  INFO 14560 --- [main] o.s.cloud.context.scope.GenericScope     : BeanFactory id=b77617b8-4b3a-3b1e-8008-1b77227f343e
2022-04-29 14:39:30.419  INFO 14560 --- [main] f.a.AutowiredAnnotationBeanPostProcessor : JSR-330 'javax.inject.Inject' annotation found and supported for autowiring
2022-04-29 14:39:30.431  INFO 14560 --- [main] trationDelegate$BeanPostProcessorChecker : Bean 'com.consumer.client.DcClient' of type [org.springframework.cloud.netflix.feign.FeignClientFactoryBean] is not eligible for getting processed by all BeanPostProcessors (for example: not eligible for auto-proxying)
2022-04-29 14:39:30.453  INFO 14560 --- [main] trationDelegate$BeanPostProcessorChecker : Bean 'org.springframework.cloud.netflix.metrics.MetricsInterceptorConfiguration$MetricsRestTemplateConfiguration' of type [org.springframework.cloud.netflix.metrics.MetricsInterceptorConfiguration$MetricsRestTemplateConfiguration$$EnhancerBySpringCGLIB$$32b3ad52] is not eligible for getting processed by all BeanPostProcessors (for example: not eligible for auto-proxying)
2022-04-29 14:39:30.458  INFO 14560 --- [main] trationDelegate$BeanPostProcessorChecker : Bean 'org.springframework.cloud.autoconfigure.ConfigurationPropertiesRebinderAutoConfiguration' of type [org.springframework.cloud.autoconfigure.ConfigurationPropertiesRebinderAutoConfiguration$$EnhancerBySpringCGLIB$$1ca10a0e] is not eligible for getting processed by all BeanPostProcessors (for example: not eligible for auto-proxying)
2022-04-29 14:39:30.593  INFO 14560 --- [main] s.b.c.e.t.TomcatEmbeddedServletContainer : Tomcat initialized with port(s): 2101 (http)
2022-04-29 14:39:30.598  INFO 14560 --- [main] o.apache.catalina.core.StandardService   : Starting service [Tomcat]
2022-04-29 14:39:30.599  INFO 14560 --- [main] org.apache.catalina.core.StandardEngine  : Starting Servlet Engine: Apache Tomcat/8.5.15
2022-04-29 14:39:30.700  INFO 14560 --- [localhost-startStop-1] o.a.c.c.C.[Tomcat].[localhost].[/]       : Initializing Spring embedded WebApplicationContext
2022-04-29 14:39:30.700  INFO 14560 --- [localhost-startStop-1] o.s.web.context.ContextLoader            : Root WebApplicationContext: initialization completed in 748 ms
2022-04-29 14:39:30.844  INFO 14560 --- [localhost-startStop-1] o.s.b.w.servlet.ServletRegistrationBean  : Mapping servlet: 'dispatcherServlet' to [/]
2022-04-29 14:39:30.846  INFO 14560 --- [localhost-startStop-1] o.s.b.w.servlet.FilterRegistrationBean   : Mapping filter: 'metricsFilter' to: [/*]
2022-04-29 14:39:30.846  INFO 14560 --- [localhost-startStop-1] o.s.b.w.servlet.FilterRegistrationBean   : Mapping filter: 'characterEncodingFilter' to: [/*]
2022-04-29 14:39:30.847  INFO 14560 --- [localhost-startStop-1] o.s.b.w.servlet.FilterRegistrationBean   : Mapping filter: 'hiddenHttpMethodFilter' to: [/*]
2022-04-29 14:39:30.847  INFO 14560 --- [localhost-startStop-1] o.s.b.w.servlet.FilterRegistrationBean   : Mapping filter: 'httpPutFormContentFilter' to: [/*]
2022-04-29 14:39:30.847  INFO 14560 --- [localhost-startStop-1] o.s.b.w.servlet.FilterRegistrationBean   : Mapping filter: 'requestContextFilter' to: [/*]
2022-04-29 14:39:30.847  INFO 14560 --- [localhost-startStop-1] o.s.b.w.servlet.FilterRegistrationBean   : Mapping filter: 'webRequestLoggingFilter' to: [/*]
2022-04-29 14:39:30.847  INFO 14560 --- [localhost-startStop-1] o.s.b.w.servlet.FilterRegistrationBean   : Mapping filter: 'applicationContextIdFilter' to: [/*]
2022-04-29 14:39:30.873  INFO 14560 --- [main] s.c.a.AnnotationConfigApplicationContext : Refreshing org.springframework.context.annotation.AnnotationConfigApplicationContext@aac3f4e: startup date [Fri Apr 29 14:39:30 CST 2022]; parent: org.springframework.boot.context.embedded.AnnotationConfigEmbeddedWebApplicationContext@5f9be66c
2022-04-29 14:39:30.897  INFO 14560 --- [main] f.a.AutowiredAnnotationBeanPostProcessor : JSR-330 'javax.inject.Inject' annotation found and supported for autowiring
2022-04-29 14:39:31.428  INFO 14560 --- [main] s.w.s.m.m.a.RequestMappingHandlerAdapter : Looking for @ControllerAdvice: org.springframework.boot.context.embedded.AnnotationConfigEmbeddedWebApplicationContext@5f9be66c: startup date [Fri Apr 29 14:39:29 CST 2022]; parent: org.springframework.context.annotation.AnnotationConfigApplicationContext@72a7c7e0
2022-04-29 14:39:31.471  INFO 14560 --- [main] s.w.s.m.m.a.RequestMappingHandlerMapping : Mapped "{[/consumer],methods=[GET]}" onto public java.lang.String com.consumer.controller.DcController.dc()
2022-04-29 14:39:31.474  INFO 14560 --- [main] s.w.s.m.m.a.RequestMappingHandlerMapping : Mapped "{[/error]}" onto public org.springframework.http.ResponseEntity<java.util.Map<java.lang.String, java.lang.Object>> org.springframework.boot.autoconfigure.web.BasicErrorController.error(javax.servlet.http.HttpServletRequest)
2022-04-29 14:39:31.474  INFO 14560 --- [main] s.w.s.m.m.a.RequestMappingHandlerMapping : Mapped "{[/error],produces=[text/html]}" onto public org.springframework.web.servlet.ModelAndView org.springframework.boot.autoconfigure.web.BasicErrorController.errorHtml(javax.servlet.http.HttpServletRequest,javax.servlet.http.HttpServletResponse)
2022-04-29 14:39:31.492  INFO 14560 --- [main] o.s.w.s.handler.SimpleUrlHandlerMapping  : Mapped URL path [/webjars/**] onto handler of type [class org.springframework.web.servlet.resource.ResourceHttpRequestHandler]
2022-04-29 14:39:31.492  INFO 14560 --- [main] o.s.w.s.handler.SimpleUrlHandlerMapping  : Mapped URL path [/**] onto handler of type [class org.springframework.web.servlet.resource.ResourceHttpRequestHandler]
2022-04-29 14:39:31.512  INFO 14560 --- [main] o.s.w.s.handler.SimpleUrlHandlerMapping  : Mapped URL path [/**/favicon.ico] onto handler of type [class org.springframework.web.servlet.resource.ResourceHttpRequestHandler]
2022-04-29 14:39:31.762  INFO 14560 --- [main] o.s.b.a.e.mvc.EndpointHandlerMapping     : Mapped "{[/trace || /trace.json],methods=[GET],produces=[application/vnd.spring-boot.actuator.v1+json || application/json]}" onto public java.lang.Object org.springframework.boot.actuate.endpoint.mvc.EndpointMvcAdapter.invoke()
2022-04-29 14:39:31.763  INFO 14560 --- [main] o.s.b.a.e.mvc.EndpointHandlerMapping     : Mapped "{[/heapdump || /heapdump.json],methods=[GET],produces=[application/octet-stream]}" onto public void org.springframework.boot.actuate.endpoint.mvc.HeapdumpMvcEndpoint.invoke(boolean,javax.servlet.http.HttpServletRequest,javax.servlet.http.HttpServletResponse) throws java.io.IOException,javax.servlet.ServletException
2022-04-29 14:39:31.763  INFO 14560 --- [main] o.s.b.a.e.mvc.EndpointHandlerMapping     : Mapped "{[/mappings || /mappings.json],methods=[GET],produces=[application/vnd.spring-boot.actuator.v1+json || application/json]}" onto public java.lang.Object org.springframework.boot.actuate.endpoint.mvc.EndpointMvcAdapter.invoke()
2022-04-29 14:39:31.763  INFO 14560 --- [main] o.s.b.a.e.mvc.EndpointHandlerMapping     : Mapped "{[/autoconfig || /autoconfig.json],methods=[GET],produces=[application/vnd.spring-boot.actuator.v1+json || application/json]}" onto public java.lang.Object org.springframework.boot.actuate.endpoint.mvc.EndpointMvcAdapter.invoke()
2022-04-29 14:39:31.764  INFO 14560 --- [main] o.s.b.a.e.mvc.EndpointHandlerMapping     : Mapped "{[/logfile || /logfile.json],methods=[GET || HEAD]}" onto public void org.springframework.boot.actuate.endpoint.mvc.LogFileMvcEndpoint.invoke(javax.servlet.http.HttpServletRequest,javax.servlet.http.HttpServletResponse) throws javax.servlet.ServletException,java.io.IOException
2022-04-29 14:39:31.764  INFO 14560 --- [main] o.s.b.a.e.mvc.EndpointHandlerMapping     : Mapped "{[/metrics/{name:.*}],methods=[GET],produces=[application/vnd.spring-boot.actuator.v1+json || application/json]}" onto public java.lang.Object org.springframework.boot.actuate.endpoint.mvc.MetricsMvcEndpoint.value(java.lang.String)
2022-04-29 14:39:31.764  INFO 14560 --- [main] o.s.b.a.e.mvc.EndpointHandlerMapping     : Mapped "{[/metrics || /metrics.json],methods=[GET],produces=[application/vnd.spring-boot.actuator.v1+json || application/json]}" onto public java.lang.Object org.springframework.boot.actuate.endpoint.mvc.EndpointMvcAdapter.invoke()
2022-04-29 14:39:31.765  INFO 14560 --- [main] o.s.b.a.e.mvc.EndpointHandlerMapping     : Mapped "{[/env],methods=[POST]}" onto public java.lang.Object org.springframework.cloud.context.environment.EnvironmentManagerMvcEndpoint.value(java.util.Map<java.lang.String, java.lang.String>)
2022-04-29 14:39:31.765  INFO 14560 --- [main] o.s.b.a.e.mvc.EndpointHandlerMapping     : Mapped "{[/env/reset],methods=[POST]}" onto public java.util.Map<java.lang.String, java.lang.Object> org.springframework.cloud.context.environment.EnvironmentManagerMvcEndpoint.reset()
2022-04-29 14:39:31.765  INFO 14560 --- [main] o.s.b.a.e.mvc.EndpointHandlerMapping     : Mapped "{[/restart || /restart.json],methods=[POST]}" onto public java.lang.Object org.springframework.cloud.context.restart.RestartMvcEndpoint.invoke()
2022-04-29 14:39:31.765  INFO 14560 --- [main] o.s.b.a.e.mvc.EndpointHandlerMapping     : Mapped "{[/env/{name:.*}],methods=[GET],produces=[application/vnd.spring-boot.actuator.v1+json || application/json]}" onto public java.lang.Object org.springframework.boot.actuate.endpoint.mvc.EnvironmentMvcEndpoint.value(java.lang.String)
2022-04-29 14:39:31.766  INFO 14560 --- [main] o.s.b.a.e.mvc.EndpointHandlerMapping     : Mapped "{[/env || /env.json],methods=[GET],produces=[application/vnd.spring-boot.actuator.v1+json || application/json]}" onto public java.lang.Object org.springframework.boot.actuate.endpoint.mvc.EndpointMvcAdapter.invoke()
2022-04-29 14:39:31.766  INFO 14560 --- [main] o.s.b.a.e.mvc.EndpointHandlerMapping     : Mapped "{[/pause || /pause.json],methods=[POST]}" onto public java.lang.Object org.springframework.cloud.endpoint.GenericPostableMvcEndpoint.invoke()
2022-04-29 14:39:31.766  INFO 14560 --- [main] o.s.b.a.e.mvc.EndpointHandlerMapping     : Mapped "{[/info || /info.json],methods=[GET],produces=[application/vnd.spring-boot.actuator.v1+json || application/json]}" onto public java.lang.Object org.springframework.boot.actuate.endpoint.mvc.EndpointMvcAdapter.invoke()
2022-04-29 14:39:31.767  INFO 14560 --- [main] o.s.b.a.e.mvc.EndpointHandlerMapping     : Mapped "{[/archaius || /archaius.json],methods=[GET],produces=[application/vnd.spring-boot.actuator.v1+json || application/json]}" onto public java.lang.Object org.springframework.boot.actuate.endpoint.mvc.EndpointMvcAdapter.invoke()
2022-04-29 14:39:31.767  INFO 14560 --- [main] o.s.b.a.e.mvc.EndpointHandlerMapping     : Mapped "{[/auditevents || /auditevents.json],methods=[GET],produces=[application/vnd.spring-boot.actuator.v1+json || application/json]}" onto public org.springframework.http.ResponseEntity<?> org.springframework.boot.actuate.endpoint.mvc.AuditEventsMvcEndpoint.findByPrincipalAndAfterAndType(java.lang.String,java.util.Date,java.lang.String)
2022-04-29 14:39:31.767  INFO 14560 --- [main] o.s.b.a.e.mvc.EndpointHandlerMapping     : Mapped "{[/health || /health.json],methods=[GET],produces=[application/vnd.spring-boot.actuator.v1+json || application/json]}" onto public java.lang.Object org.springframework.boot.actuate.endpoint.mvc.HealthMvcEndpoint.invoke(javax.servlet.http.HttpServletRequest,java.security.Principal)
2022-04-29 14:39:31.768  INFO 14560 --- [main] o.s.b.a.e.mvc.EndpointHandlerMapping     : Mapped "{[/service-registry/instance-status],methods=[POST]}" onto public org.springframework.http.ResponseEntity<?> org.springframework.cloud.client.serviceregistry.endpoint.ServiceRegistryEndpoint.setStatus(java.lang.String)
2022-04-29 14:39:31.768  INFO 14560 --- [main] o.s.b.a.e.mvc.EndpointHandlerMapping     : Mapped "{[/service-registry/instance-status],methods=[GET]}" onto public org.springframework.http.ResponseEntity org.springframework.cloud.client.serviceregistry.endpoint.ServiceRegistryEndpoint.getStatus()
2022-04-29 14:39:31.768  INFO 14560 --- [main] o.s.b.a.e.mvc.EndpointHandlerMapping     : Mapped "{[/dump || /dump.json],methods=[GET],produces=[application/vnd.spring-boot.actuator.v1+json || application/json]}" onto public java.lang.Object org.springframework.boot.actuate.endpoint.mvc.EndpointMvcAdapter.invoke()
2022-04-29 14:39:31.768  INFO 14560 --- [main] o.s.b.a.e.mvc.EndpointHandlerMapping     : Mapped "{[/beans || /beans.json],methods=[GET],produces=[application/vnd.spring-boot.actuator.v1+json || application/json]}" onto public java.lang.Object org.springframework.boot.actuate.endpoint.mvc.EndpointMvcAdapter.invoke()
2022-04-29 14:39:31.768  INFO 14560 --- [main] o.s.b.a.e.mvc.EndpointHandlerMapping     : Mapped "{[/configprops || /configprops.json],methods=[GET],produces=[application/vnd.spring-boot.actuator.v1+json || application/json]}" onto public java.lang.Object org.springframework.boot.actuate.endpoint.mvc.EndpointMvcAdapter.invoke()
2022-04-29 14:39:31.769  INFO 14560 --- [main] o.s.b.a.e.mvc.EndpointHandlerMapping     : Mapped "{[/refresh || /refresh.json],methods=[POST]}" onto public java.lang.Object org.springframework.cloud.endpoint.GenericPostableMvcEndpoint.invoke()
2022-04-29 14:39:31.769  INFO 14560 --- [main] o.s.b.a.e.mvc.EndpointHandlerMapping     : Mapped "{[/resume || /resume.json],methods=[POST]}" onto public java.lang.Object org.springframework.cloud.endpoint.GenericPostableMvcEndpoint.invoke()
2022-04-29 14:39:31.770  INFO 14560 --- [main] o.s.b.a.e.mvc.EndpointHandlerMapping     : Mapped "{[/loggers/{name:.*}],methods=[GET],produces=[application/vnd.spring-boot.actuator.v1+json || application/json]}" onto public java.lang.Object org.springframework.boot.actuate.endpoint.mvc.LoggersMvcEndpoint.get(java.lang.String)
2022-04-29 14:39:31.770  INFO 14560 --- [main] o.s.b.a.e.mvc.EndpointHandlerMapping     : Mapped "{[/loggers/{name:.*}],methods=[POST],consumes=[application/vnd.spring-boot.actuator.v1+json || application/json],produces=[application/vnd.spring-boot.actuator.v1+json || application/json]}" onto public java.lang.Object org.springframework.boot.actuate.endpoint.mvc.LoggersMvcEndpoint.set(java.lang.String,java.util.Map<java.lang.String, java.lang.String>)
2022-04-29 14:39:31.770  INFO 14560 --- [main] o.s.b.a.e.mvc.EndpointHandlerMapping     : Mapped "{[/loggers || /loggers.json],methods=[GET],produces=[application/vnd.spring-boot.actuator.v1+json || application/json]}" onto public java.lang.Object org.springframework.boot.actuate.endpoint.mvc.EndpointMvcAdapter.invoke()
2022-04-29 14:39:31.771  INFO 14560 --- [main] o.s.b.a.e.mvc.EndpointHandlerMapping     : Mapped "{[/features || /features.json],methods=[GET],produces=[application/vnd.spring-boot.actuator.v1+json || application/json]}" onto public java.lang.Object org.springframework.boot.actuate.endpoint.mvc.EndpointMvcAdapter.invoke()
2022-04-29 14:39:31.827  WARN 14560 --- [main] c.n.c.sources.URLConfigurationSource     : No URLs will be polled as dynamic configuration sources.
2022-04-29 14:39:31.828  INFO 14560 --- [main] c.n.c.sources.URLConfigurationSource     : To enable URLs as dynamic configuration sources, define System property archaius.configurationSource.additionalUrls or make config.properties available on classpath.
2022-04-29 14:39:31.830  WARN 14560 --- [main] c.n.c.sources.URLConfigurationSource     : No URLs will be polled as dynamic configuration sources.
2022-04-29 14:39:31.830  INFO 14560 --- [main] c.n.c.sources.URLConfigurationSource     : To enable URLs as dynamic configuration sources, define System property archaius.configurationSource.additionalUrls or make config.properties available on classpath.
2022-04-29 14:39:31.865  INFO 14560 --- [main] o.s.j.e.a.AnnotationMBeanExporter        : Registering beans for JMX exposure on startup
2022-04-29 14:39:31.871  INFO 14560 --- [main] o.s.j.e.a.AnnotationMBeanExporter        : Bean with name 'environmentManager' has been autodetected for JMX exposure
2022-04-29 14:39:31.872  INFO 14560 --- [main] o.s.j.e.a.AnnotationMBeanExporter        : Bean with name 'configurationPropertiesRebinder' has been autodetected for JMX exposure
2022-04-29 14:39:31.873  INFO 14560 --- [main] o.s.j.e.a.AnnotationMBeanExporter        : Bean with name 'refreshEndpoint' has been autodetected for JMX exposure
2022-04-29 14:39:31.873  INFO 14560 --- [main] o.s.j.e.a.AnnotationMBeanExporter        : Bean with name 'restartEndpoint' has been autodetected for JMX exposure
2022-04-29 14:39:31.873  INFO 14560 --- [main] o.s.j.e.a.AnnotationMBeanExporter        : Bean with name 'serviceRegistryEndpoint' has been autodetected for JMX exposure
2022-04-29 14:39:31.874  INFO 14560 --- [main] o.s.j.e.a.AnnotationMBeanExporter        : Bean with name 'refreshScope' has been autodetected for JMX exposure
2022-04-29 14:39:31.875  INFO 14560 --- [main] o.s.j.e.a.AnnotationMBeanExporter        : Located managed bean 'environmentManager': registering with JMX server as MBean [org.springframework.cloud.context.environment:name=environmentManager,type=EnvironmentManager]
2022-04-29 14:39:31.883  INFO 14560 --- [main] o.s.j.e.a.AnnotationMBeanExporter        : Located managed bean 'restartEndpoint': registering with JMX server as MBean [org.springframework.cloud.context.restart:name=restartEndpoint,type=RestartEndpoint]
2022-04-29 14:39:31.887  INFO 14560 --- [main] o.s.j.e.a.AnnotationMBeanExporter        : Located managed bean 'serviceRegistryEndpoint': registering with JMX server as MBean [org.springframework.cloud.client.serviceregistry.endpoint:name=serviceRegistryEndpoint,type=ServiceRegistryEndpoint]
2022-04-29 14:39:31.891  INFO 14560 --- [main] o.s.j.e.a.AnnotationMBeanExporter        : Located managed bean 'refreshScope': registering with JMX server as MBean [org.springframework.cloud.context.scope.refresh:name=refreshScope,type=RefreshScope]
2022-04-29 14:39:31.896  INFO 14560 --- [main] o.s.j.e.a.AnnotationMBeanExporter        : Located managed bean 'configurationPropertiesRebinder': registering with JMX server as MBean [org.springframework.cloud.context.properties:name=configurationPropertiesRebinder,context=5f9be66c,type=ConfigurationPropertiesRebinder]
2022-04-29 14:39:31.898  INFO 14560 --- [main] o.s.j.e.a.AnnotationMBeanExporter        : Located managed bean 'refreshEndpoint': registering with JMX server as MBean [org.springframework.cloud.endpoint:name=refreshEndpoint,type=RefreshEndpoint]
2022-04-29 14:39:31.997  INFO 14560 --- [main] o.s.c.support.DefaultLifecycleProcessor  : Starting beans in phase 0
2022-04-29 14:39:32.001  INFO 14560 --- [main] o.s.c.n.eureka.InstanceInfoFactory       : Setting initial instance status as: STARTING
2022-04-29 14:39:32.019  INFO 14560 --- [main] com.netflix.discovery.DiscoveryClient    : Initializing Eureka in region us-east-1
2022-04-29 14:39:32.290  INFO 14560 --- [main] c.n.d.provider.DiscoveryJerseyProvider   : Using JSON encoding codec LegacyJacksonJson
2022-04-29 14:39:32.290  INFO 14560 --- [main] c.n.d.provider.DiscoveryJerseyProvider   : Using JSON decoding codec LegacyJacksonJson
2022-04-29 14:39:32.402  INFO 14560 --- [main] c.n.d.provider.DiscoveryJerseyProvider   : Using XML encoding codec XStreamXml
2022-04-29 14:39:32.402  INFO 14560 --- [main] c.n.d.provider.DiscoveryJerseyProvider   : Using XML decoding codec XStreamXml
2022-04-29 14:39:32.480  INFO 14560 --- [main] c.n.d.s.r.aws.ConfigClusterResolver      : Resolving eureka endpoints via configuration
2022-04-29 14:39:32.640  INFO 14560 --- [main] com.netflix.discovery.DiscoveryClient    : Disable delta property : false
2022-04-29 14:39:32.641  INFO 14560 --- [main] com.netflix.discovery.DiscoveryClient    : Single vip registry refresh property : null
2022-04-29 14:39:32.641  INFO 14560 --- [main] com.netflix.discovery.DiscoveryClient    : Force full registry fetch : false
2022-04-29 14:39:32.641  INFO 14560 --- [main] com.netflix.discovery.DiscoveryClient    : Application is null : false
2022-04-29 14:39:32.641  INFO 14560 --- [main] com.netflix.discovery.DiscoveryClient    : Registered Applications size is zero : true
2022-04-29 14:39:32.641  INFO 14560 --- [main] com.netflix.discovery.DiscoveryClient    : Application version is -1: true
2022-04-29 14:39:32.641  INFO 14560 --- [main] com.netflix.discovery.DiscoveryClient    : Getting all instance registry info from the eureka server
2022-04-29 14:39:32.717  INFO 14560 --- [main] com.netflix.discovery.DiscoveryClient    : The response status is 200
2022-04-29 14:39:32.718  INFO 14560 --- [main] com.netflix.discovery.DiscoveryClient    : Starting heartbeat executor: renew interval is: 30
2022-04-29 14:39:32.719  INFO 14560 --- [main] c.n.discovery.InstanceInfoReplicator     : InstanceInfoReplicator onDemand update allowed rate per min is 4
2022-04-29 14:39:32.720  INFO 14560 --- [main] com.netflix.discovery.DiscoveryClient    : Discovery Client initialized at timestamp 1651214372720 with initial instances count: 1
2022-04-29 14:39:32.730  INFO 14560 --- [main] o.s.c.n.e.s.EurekaServiceRegistry        : Registering application eureka-consumer with eureka with status UP
2022-04-29 14:39:32.731  INFO 14560 --- [main] com.netflix.discovery.DiscoveryClient    : Saw local status change event StatusChangeEvent [timestamp=1651214372731, current=UP, previous=STARTING]
2022-04-29 14:39:32.732  INFO 14560 --- [DiscoveryClient-InstanceInfoReplicator-0] com.netflix.discovery.DiscoveryClient    : DiscoveryClient_EUREKA-CONSUMER/DESKTOP-A5MPKL6:eureka-consumer:2101: registering service...
2022-04-29 14:39:32.760  INFO 14560 --- [DiscoveryClient-InstanceInfoReplicator-0] com.netflix.discovery.DiscoveryClient    : DiscoveryClient_EUREKA-CONSUMER/DESKTOP-A5MPKL6:eureka-consumer:2101 - registration status: 204
2022-04-29 14:39:32.781  INFO 14560 --- [main] s.b.c.e.t.TomcatEmbeddedServletContainer : Tomcat started on port(s): 2101 (http)
2022-04-29 14:39:32.782  INFO 14560 --- [main] .s.c.n.e.s.EurekaAutoServiceRegistration : Updating port to 2101
2022-04-29 14:39:32.784  INFO 14560 --- [main] com.consumer.ConsumerApplication         : Started ConsumerApplication in 3.793 seconds (JVM running for 4.459)
2022-04-29 14:40:48.352  INFO 14560 --- [http-nio-2101-exec-1] o.a.c.c.C.[Tomcat].[localhost].[/]       : Initializing Spring FrameworkServlet 'dispatcherServlet'
2022-04-29 14:40:48.352  INFO 14560 --- [http-nio-2101-exec-1] o.s.web.servlet.DispatcherServlet        : FrameworkServlet 'dispatcherServlet': initialization started
2022-04-29 14:40:48.367  INFO 14560 --- [http-nio-2101-exec-1] o.s.web.servlet.DispatcherServlet        : FrameworkServlet 'dispatcherServlet': initialization completed in 15 ms
2022-04-29 14:41:00.870  INFO 14560 --- [http-nio-2101-exec-3] s.c.a.AnnotationConfigApplicationContext : Refreshing org.springframework.context.annotation.AnnotationConfigApplicationContext@1709e81d: startup date [Fri Apr 29 14:41:00 CST 2022]; parent: org.springframework.boot.context.embedded.AnnotationConfigEmbeddedWebApplicationContext@5f9be66c
2022-04-29 14:41:00.900  INFO 14560 --- [http-nio-2101-exec-3] f.a.AutowiredAnnotationBeanPostProcessor : JSR-330 'javax.inject.Inject' annotation found and supported for autowiring
2022-04-29 14:41:01.002  INFO 14560 --- [http-nio-2101-exec-3] c.netflix.config.ChainedDynamicProperty  : Flipping property: service.ribbon.ActiveConnectionsLimit to use NEXT property: niws.loadbalancer.availabilityFilteringRule.activeConnectionsLimit = 2147483647
2022-04-29 14:41:01.014  INFO 14560 --- [http-nio-2101-exec-3] c.n.u.concurrent.ShutdownEnabledTimer    : Shutdown hook installed for: NFLoadBalancer-PingTimer-service
2022-04-29 14:41:01.023  INFO 14560 --- [http-nio-2101-exec-3] c.netflix.loadbalancer.BaseLoadBalancer  : Client: service instantiated a LoadBalancer: DynamicServerListLoadBalancer:{NFLoadBalancer:name=service,current list of Servers=[],Load balancer stats=Zone stats: {},Server stats: []}ServerList:null
2022-04-29 14:41:01.027  INFO 14560 --- [http-nio-2101-exec-3] c.n.l.DynamicServerListLoadBalancer      : Using serverListUpdater PollingServerListUpdater
2022-04-29 14:41:01.038  INFO 14560 --- [http-nio-2101-exec-3] c.netflix.config.ChainedDynamicProperty  : Flipping property: service.ribbon.ActiveConnectionsLimit to use NEXT property: niws.loadbalancer.availabilityFilteringRule.activeConnectionsLimit = 2147483647
2022-04-29 14:41:01.039  INFO 14560 --- [http-nio-2101-exec-3] c.n.l.DynamicServerListLoadBalancer      : DynamicServerListLoadBalancer for client service initialized: DynamicServerListLoadBalancer:{NFLoadBalancer:name=service,current list of Servers=[DESKTOP-A5MPKL6:2001],Load balancer stats=Zone stats: {defaultzone=[Zone:defaultzone;	Instance count:1;	Active connections count: 0;	Circuit breaker tripped count: 0;	Active connections per server: 0.0;]
},Server stats: [[Server:DESKTOP-A5MPKL6:2001;	Zone:defaultZone;	Total Requests:0;	Successive connection failure:0;	Total blackout seconds:0;	Last connection made:Thu Jan 01 08:00:00 CST 1970;	First connection made: Thu Jan 01 08:00:00 CST 1970;	Active Connections:0;	total failure count in last (1000) msecs:0;	average resp time:0.0;	90 percentile resp time:0.0;	95 percentile resp time:0.0;	min resp time:0.0;	max resp time:0.0;	stddev resp time:0.0]
]}ServerList:org.springframework.cloud.netflix.ribbon.eureka.DomainExtractingServerList@a691093
2022-04-29 14:41:02.029  INFO 14560 --- [PollingServerListUpdater-0] c.netflix.config.ChainedDynamicProperty  : Flipping property: service.ribbon.ActiveConnectionsLimit to use NEXT property: niws.loadbalancer.availabilityFilteringRule.activeConnectionsLimit = 2147483647
